<?xml version="1.0" encoding="UTF-8"?>
<!-- Generated by org.testng.reporters.JUnitReportReporter -->
<testsuite skipped="0" hostname="DESKTOP-T5FCQQ5" name="projectTests.tests" tests="1" failures="0" timestamp="2022-02-20T09:02:38 CET" time="19.620" errors="0">
  <testcase name="loginAndFriendRequestTest" time="19.620" classname="projectTests.tests"/>
  <system-out/>
</testsuite> <!-- projectTests.tests -->
