<?xml version="1.0" encoding="UTF-8"?>
<!-- Generated by org.testng.reporters.JUnitReportReporter -->
<testsuite skipped="0" hostname="DESKTOP-T5FCQQ5" name="proba.probaProba" tests="1" failures="0" timestamp="2022-02-12T21:02:58 CET" time="6.324" errors="0">
  <testcase name="crudEmpolyee" time="6.324" classname="proba.probaProba"/>
  <system-out/>
</testsuite> <!-- proba.probaProba -->
